<?xml version="1.0" encoding="UTF-8"?>
<testng-results skipped="0" failed="0" total="1" passed="1">
  <reporter-output>
  </reporter-output>
  <suite name="Suite" duration-ms="32881" started-at="2017-05-03T10:16:30Z" finished-at="2017-05-03T10:17:03Z">
    <groups>
    </groups>
    <test name="Login" duration-ms="32881" started-at="2017-05-03T10:16:30Z" finished-at="2017-05-03T10:17:03Z">
      <class name="TestCases.LoginTest">
        <test-method status="PASS" signature="setup()[pri:0, instance:TestCases.LoginTest@735c3f7b]" name="setup" is-config="true" duration-ms="14325" started-at="2017-05-03T18:16:30Z" finished-at="2017-05-03T18:16:45Z">
          <reporter-output>
          </reporter-output>
        </test-method> <!-- setup -->
        <test-method status="PASS" signature="testlogin(org.w3c.dom.Document)[pri:0, instance:TestCases.LoginTest@735c3f7b]" name="testlogin" duration-ms="17843" started-at="2017-05-03T18:16:45Z" data-provider="Test_xml_dataprovider" finished-at="2017-05-03T18:17:02Z">
          <params>
            <param index="0">
              <value>
                <![CDATA[[#document: null]]]>
              </value>
            </param>
          </params>
          <reporter-output>
          </reporter-output>
        </test-method> <!-- testlogin -->
        <test-method status="PASS" signature="teardown()[pri:0, instance:TestCases.LoginTest@735c3f7b]" name="teardown" is-config="true" duration-ms="687" started-at="2017-05-03T18:17:02Z" finished-at="2017-05-03T18:17:03Z">
          <reporter-output>
          </reporter-output>
        </test-method> <!-- teardown -->
      </class> <!-- TestCases.LoginTest -->
    </test> <!-- Login -->
  </suite> <!-- Suite -->
</testng-results>
